This is pdfTeX, Version 3.14159265-2.6-1.40.20 (MiKTeX 2.9.7000 64-bit) (preloaded format=pdflatex 2019.4.11)  5 AUG 2020 21:25
entering extended mode
**./football_DA_revised.tex
(football_DA_revised.tex
LaTeX2e <2017-04-15>
Babel <3.10> and hyphenation patterns for 77 language(s) loaded.

! LaTeX Error: File `(.cls' not found.

Type X to quit or <RETURN> to proceed,
or enter new name. (Default extension: cls)

Enter file name: 
! Emergency stop.
<read *> 
         
l.2 \documentclass(1
                    2pt, a4paper]{article}
*** (cannot \read from terminal in nonstop modes)

 
Here is how much of TeX's memory you used:
 12 strings out of 493301
 260 string characters out of 3129579
 53810 words of memory out of 3000000
 3654 multiletter control sequences out of 15000+200000
 3640 words of font info for 14 fonts, out of 3000000 for 9000
 1141 hyphenation exceptions out of 8191
 10i,0n,7p,77b,8s stack positions out of 5000i,500n,10000p,200000b,50000s
!  ==> Fatal error occurred, no output PDF file produced!
