This is pdfTeX, Version 3.14159265-2.6-1.40.20 (MiKTeX 2.9.7000 64-bit) (preloaded format=pdflatex 2019.3.20)  26 JUN 2019 11:21
entering extended mode
**./football_domesticabuse.tex
(football_domesticabuse.tex
LaTeX2e <2018-12-01>
("C:\MiKTeX 2.9\tex/latex/base\article.cls"
Document Class: article 2018/09/03 v1.4i Standard LaTeX document class
("C:\MiKTeX 2.9\tex/latex/base\size12.clo"
File: size12.clo 2018/09/03 v1.4i Standard LaTeX file (size option)
)
\c@part=\count80
\c@section=\count81
\c@subsection=\count82
\c@subsubsection=\count83
\c@paragraph=\count84
\c@subparagraph=\count85
\c@figure=\count86
\c@table=\count87
\abovecaptionskip=\skip41
\belowcaptionskip=\skip42
\bibindent=\dimen102
)
("C:\MiKTeX 2.9\tex/latex/ms\ragged2e.sty"
Package: ragged2e 2009/05/21 v2.1 ragged2e Package (MS)

("C:\MiKTeX 2.9\tex/latex/ms\everysel.sty"
Package: everysel 2011/10/28 v1.2 EverySelectfont Package (MS)
)
\CenteringLeftskip=\skip43
\RaggedLeftLeftskip=\skip44
\RaggedRightLeftskip=\skip45
\CenteringRightskip=\skip46
\RaggedLeftRightskip=\skip47
\RaggedRightRightskip=\skip48
\CenteringParfillskip=\skip49
\RaggedLeftParfillskip=\skip50
\RaggedRightParfillskip=\skip51
\JustifyingParfillskip=\skip52
\CenteringParindent=\skip53
\RaggedLeftParindent=\skip54
\RaggedRightParindent=\skip55
\JustifyingParindent=\skip56
)
("C:\MiKTeX 2.9\tex/latex/geometry\geometry.sty"
Package: geometry 2018/04/16 v5.8 Page Geometry

("C:\MiKTeX 2.9\tex/latex/graphics\keyval.sty"
Package: keyval 2014/10/28 v1.15 key=value parser (DPC)
\KV@toks@=\toks14
)
("C:\MiKTeX 2.9\tex/generic/oberdiek\ifpdf.sty"
Package: ifpdf 2018/09/07 v3.3 Provides the ifpdf switch
)
("C:\MiKTeX 2.9\tex/generic/oberdiek\ifvtex.sty"
Package: ifvtex 2016/05/16 v1.6 Detect VTeX and its facilities (HO)
Package ifvtex Info: VTeX not detected.
)
("C:\MiKTeX 2.9\tex/generic/ifxetex\ifxetex.sty"
Package: ifxetex 2010/09/12 v0.6 Provides ifxetex conditional
)
\Gm@cnth=\count88
\Gm@cntv=\count89
\c@Gm@tempcnt=\count90
\Gm@bindingoffset=\dimen103
\Gm@wd@mp=\dimen104
\Gm@odd@mp=\dimen105
\Gm@even@mp=\dimen106
\Gm@layoutwidth=\dimen107
\Gm@layoutheight=\dimen108
\Gm@layouthoffset=\dimen109
\Gm@layoutvoffset=\dimen110
\Gm@dimlist=\toks15

("C:\MiKTeX 2.9\tex/latex/geometry\geometry.cfg"))
("C:\MiKTeX 2.9\tex/latex/base\inputenc.sty"
Package: inputenc 2018/08/11 v1.3c Input encoding file
\inpenc@prehook=\toks16
\inpenc@posthook=\toks17
)
("C:\MiKTeX 2.9\tex/latex/floatrow\floatrow.sty"
Package: floatrow 2008/08/02 v0.3b floatrow: float package extension

("C:\MiKTeX 2.9\tex/latex/caption\caption3.sty"
Package: caption3 2018/09/12 v1.8c caption3 kernel (AR)
Package caption3 Info: TeX engine: e-TeX on input line 64.
\captionmargin=\dimen111
\captionmargin@=\dimen112
\captionwidth=\dimen113
\caption@tempdima=\dimen114
\caption@indent=\dimen115
\caption@parindent=\dimen116
\caption@hangindent=\dimen117
)
\c@float@type=\count91
\float@exts=\toks18
\float@box=\box27
\@floatcapt=\box28
Package floatrow Info: Modified float package code loaded on input line 455.
Package floatrow Info: Modified rotfloat package code loaded on input line 473.

\FR@everyfloat=\toks19
\flrow@foot=\insert199
\FB@wd=\dimen118
\FBo@wd=\dimen119
\FBc@wd=\dimen120
\FBo@ht=\skip57
\FBc@ht=\skip58
\FBf@ht=\skip59
\FBo@max=\skip60
\FBc@max=\skip61
\FBf@max=\skip62
\c@FBl@b=\count92
\floatbox@depth=\count93
\c@FRobj=\count94
\c@FRsobj=\count95
\Xhsize=\skip63
\sXhsize=\skip64
\Zhsize=\skip65
\sZhsize=\skip66
\flrow@rowbox=\box29
\FR@Zunitlength=\dimen121
\c@FBcnt=\count96
\FPOScnt=\count97
\LTleft=\skip67
\LTright=\skip68
\LTleft=\skip69
\LTright=\skip70
\flrow@types=\toks20
)
("C:\MiKTeX 2.9\tex/latex/psnfss\times.sty"
Package: times 2005/04/12 PSNFSS-v9.2a (SPQR) 
)
("C:\MiKTeX 2.9\tex/latex/threeparttable\threeparttable.sty"
Package: threeparttable 2003/06/13  v 3.0
\@tempboxb=\box30
)
("C:\MiKTeX 2.9\tex/latex/hyperref\hyperref.sty"
Package: hyperref 2018/11/30 v6.88e Hypertext links for LaTeX

("C:\MiKTeX 2.9\tex/generic/oberdiek\hobsub-hyperref.sty"
Package: hobsub-hyperref 2016/05/16 v1.14 Bundle oberdiek, subset hyperref (HO)


("C:\MiKTeX 2.9\tex/generic/oberdiek\hobsub-generic.sty"
Package: hobsub-generic 2016/05/16 v1.14 Bundle oberdiek, subset generic (HO)
Package: hobsub 2016/05/16 v1.14 Construct package bundles (HO)
Package: infwarerr 2016/05/16 v1.4 Providing info/warning/error messages (HO)
Package: ltxcmds 2016/05/16 v1.23 LaTeX kernel commands for general use (HO)
Package: ifluatex 2016/05/16 v1.4 Provides the ifluatex switch (HO)
Package ifluatex Info: LuaTeX not detected.
Package hobsub Info: Skipping package `ifvtex' (already loaded).
Package: intcalc 2016/05/16 v1.2 Expandable calculations with integers (HO)
Package hobsub Info: Skipping package `ifpdf' (already loaded).
Package: etexcmds 2016/05/16 v1.6 Avoid name clashes with e-TeX commands (HO)
Package: kvsetkeys 2016/05/16 v1.17 Key value parser (HO)
Package: kvdefinekeys 2016/05/16 v1.4 Define keys (HO)
Package: pdftexcmds 2018/09/10 v0.29 Utility functions of pdfTeX for LuaTeX (HO
)
Package pdftexcmds Info: LuaTeX not detected.
Package pdftexcmds Info: \pdf@primitive is available.
Package pdftexcmds Info: \pdf@ifprimitive is available.
Package pdftexcmds Info: \pdfdraftmode found.
Package: pdfescape 2016/05/16 v1.14 Implements pdfTeX's escape features (HO)
Package: bigintcalc 2016/05/16 v1.4 Expandable calculations on big integers (HO
)
Package: bitset 2016/05/16 v1.2 Handle bit-vector datatype (HO)
Package: uniquecounter 2016/05/16 v1.3 Provide unlimited unique counter (HO)
)
Package hobsub Info: Skipping package `hobsub' (already loaded).
Package: letltxmacro 2016/05/16 v1.5 Let assignment for LaTeX macros (HO)
Package: hopatch 2016/05/16 v1.3 Wrapper for package hooks (HO)
Package: xcolor-patch 2016/05/16 xcolor patch
Package: atveryend 2016/05/16 v1.9 Hooks at the very end of document (HO)
Package atveryend Info: \enddocument detected (standard20110627).
Package: atbegshi 2016/06/09 v1.18 At begin shipout hook (HO)
Package: refcount 2016/05/16 v3.5 Data extraction from label references (HO)
Package: hycolor 2016/05/16 v1.8 Color options for hyperref/bookmark (HO)
)
("C:\MiKTeX 2.9\tex/latex/oberdiek\auxhook.sty"
Package: auxhook 2016/05/16 v1.4 Hooks for auxiliary files (HO)
)
("C:\MiKTeX 2.9\tex/latex/oberdiek\kvoptions.sty"
Package: kvoptions 2016/05/16 v3.12 Key value format for package options (HO)
)
\@linkdim=\dimen122
\Hy@linkcounter=\count98
\Hy@pagecounter=\count99

("C:\MiKTeX 2.9\tex/latex/hyperref\pd1enc.def"
File: pd1enc.def 2018/11/30 v6.88e Hyperref: PDFDocEncoding definition (HO)
Now handling font encoding PD1 ...
... no UTF-8 mapping file for font encoding PD1
)
\Hy@SavedSpaceFactor=\count100

("C:\MiKTeX 2.9\tex/latex/00miktex\hyperref.cfg"
File: hyperref.cfg 2002/06/06 v1.2 hyperref configuration of TeXLive
)
Package hyperref Info: Hyper figures OFF on input line 4519.
Package hyperref Info: Link nesting OFF on input line 4524.
Package hyperref Info: Hyper index ON on input line 4527.
Package hyperref Info: Plain pages OFF on input line 4534.
Package hyperref Info: Backreferencing OFF on input line 4539.
Package hyperref Info: Implicit mode ON; LaTeX internals redefined.
Package hyperref Info: Bookmarks ON on input line 4772.
\c@Hy@tempcnt=\count101

("C:\MiKTeX 2.9\tex/latex/url\url.sty"
\Urlmuskip=\muskip10
Package: url 2013/09/16  ver 3.4  Verb mode for urls, etc.
)
LaTeX Info: Redefining \url on input line 5125.
\XeTeXLinkMargin=\dimen123
\Fld@menulength=\count102
\Field@Width=\dimen124
\Fld@charsize=\dimen125
Package hyperref Info: Hyper figures OFF on input line 6380.
Package hyperref Info: Link nesting OFF on input line 6385.
Package hyperref Info: Hyper index ON on input line 6388.
Package hyperref Info: backreferencing OFF on input line 6395.
Package hyperref Info: Link coloring OFF on input line 6400.
Package hyperref Info: Link coloring with OCG OFF on input line 6405.
Package hyperref Info: PDF/A mode OFF on input line 6410.
LaTeX Info: Redefining \ref on input line 6450.
LaTeX Info: Redefining \pageref on input line 6454.
\Hy@abspage=\count103
\c@Item=\count104
\c@Hfootnote=\count105
)
Package hyperref Info: Driver (autodetected): hpdftex.

("C:\MiKTeX 2.9\tex/latex/hyperref\hpdftex.def"
File: hpdftex.def 2018/11/30 v6.88e Hyperref driver for pdfTeX
\Fld@listcount=\count106
\c@bookmark@seq@number=\count107

("C:\MiKTeX 2.9\tex/latex/oberdiek\rerunfilecheck.sty"
Package: rerunfilecheck 2016/05/16 v1.8 Rerun checks for auxiliary files (HO)
Package uniquecounter Info: New unique counter `rerunfilecheck' on input line 2
82.
)
\Hy@SectionHShift=\skip71
)
("C:\MiKTeX 2.9\tex/latex/preprint\authblk.sty"
Package: authblk 2001/02/27 1.3 (PWD)
\affilsep=\skip72
\@affilsep=\skip73
\c@Maxaffil=\count108
\c@authors=\count109
\c@affil=\count110
)
("C:\MiKTeX 2.9\tex/latex/setspace\setspace.sty"
Package: setspace 2011/12/19 v6.7a set line spacing
)
("C:\MiKTeX 2.9\tex/latex/apacite\apacite.sty"
Package: apacite 2013/07/21 v6.03 APA citation
\c@BibCnt=\count111
\bibleftmargin=\skip74
\bibindent=\skip75
\bibparsep=\skip76
\bibitemsep=\skip77
\biblabelsep=\skip78
)
("C:\MiKTeX 2.9\tex/latex/caption\caption.sty"
Package: caption 2018/10/06 v3.3-154 Customizing captions (AR)
\c@caption@flags=\count112
\c@ContinuedFloat=\count113
Package caption Info: float package is loaded.
Package caption Info: floatrow package is loaded.
Package caption Info: hyperref package is loaded.
Package caption Info: threeparttable package is loaded.
)
("C:\MiKTeX 2.9\tex/latex/graphics\graphicx.sty"
Package: graphicx 2017/06/01 v1.1a Enhanced LaTeX Graphics (DPC,SPQR)

("C:\MiKTeX 2.9\tex/latex/graphics\graphics.sty"
Package: graphics 2017/06/25 v1.2c Standard LaTeX Graphics (DPC,SPQR)

("C:\MiKTeX 2.9\tex/latex/graphics\trig.sty"
Package: trig 2016/01/03 v1.10 sin cos tan (DPC)
)
("C:\MiKTeX 2.9\tex/latex/graphics-cfg\graphics.cfg"
File: graphics.cfg 2016/06/04 v1.11 sample graphics configuration
)
Package graphics Info: Driver file: pdftex.def on input line 99.

("C:\MiKTeX 2.9\tex/latex/graphics-def\pdftex.def"
File: pdftex.def 2018/01/08 v1.0l Graphics/color driver for pdftex
))
\Gin@req@height=\dimen126
\Gin@req@width=\dimen127
)
("C:\MiKTeX 2.9\tex/latex/titlesec\titlesec.sty"
Package: titlesec 2016/03/21 v2.10.2 Sectioning titles
\ttl@box=\box31
\beforetitleunit=\skip79
\aftertitleunit=\skip80
\ttl@plus=\dimen128
\ttl@minus=\dimen129
\ttl@toksa=\toks21
\titlewidth=\dimen130
\titlewidthlast=\dimen131
\titlewidthfirst=\dimen132
)
("C:\MiKTeX 2.9\tex/latex/graphics\color.sty"
Package: color 2016/07/10 v1.1e Standard LaTeX Color (DPC)

("C:\MiKTeX 2.9\tex/latex/graphics-cfg\color.cfg"
File: color.cfg 2016/01/02 v1.6 sample color configuration
)
Package color Info: Driver file: pdftex.def on input line 147.
)
("C:\MiKTeX 2.9\tex/latex/endnotes\endnotes.sty"
\c@endnote=\count114
\endnotesep=\dimen133
\@enotes=\write3
)
("C:\MiKTeX 2.9\tex/latex/textcase\textcase.sty"
Package: textcase 2004/10/07 v0.07 Text only upper/lower case changing (DPC)
)
("C:\MiKTeX 2.9\tex/latex/booktabs\booktabs.sty"
Package: booktabs 2005/04/14 v1.61803 publication quality tables
\heavyrulewidth=\dimen134
\lightrulewidth=\dimen135
\cmidrulewidth=\dimen136
\belowrulesep=\dimen137
\belowbottomsep=\dimen138
\aboverulesep=\dimen139
\abovetopsep=\dimen140
\cmidrulesep=\dimen141
\cmidrulekern=\dimen142
\defaultaddspace=\dimen143
\@cmidla=\count115
\@cmidlb=\count116
\@aboverulesep=\dimen144
\@belowrulesep=\dimen145
\@thisruleclass=\count117
\@lastruleclass=\count118
\@thisrulewidth=\dimen146
)
("C:\MiKTeX 2.9\tex/latex/titling\titling.sty"
Package: titling 2009/09/04 v2.1d maketitle typesetting
\thanksmarkwidth=\skip81
\thanksmargin=\skip82
\droptitle=\skip83
)
("C:\MiKTeX 2.9\tex/latex/graphics\rotating.sty"
Package: rotating 2016/08/11 v2.16d rotated objects in LaTeX

("C:\MiKTeX 2.9\tex/latex/base\ifthen.sty"
Package: ifthen 2014/09/29 v1.1c Standard LaTeX ifthen package (DPC)
)
\c@r@tfl@t=\count119
\rotFPtop=\skip84
\rotFPbot=\skip85
\rot@float@box=\box32
\rot@mess@toks=\toks22
)
("C:\MiKTeX 2.9\tex/latex/appendix\appendix.sty"
Package: appendix 2009/09/02 v1.2b extra appendix facilities
\c@@pps=\count120
\c@@ppsavesec=\count121
\c@@ppsaveapp=\count122
)
("C:\MiKTeX 2.9\tex/latex/titlesec\ttlkeys.def"
File: ttlkeys.def 2016/03/15
) (football_domesticabuse.aux)
\openout1 = `football_domesticabuse.aux'.

LaTeX Font Info:    Checking defaults for OML/cmm/m/it on input line 48.
LaTeX Font Info:    ... okay on input line 48.
LaTeX Font Info:    Checking defaults for T1/cmr/m/n on input line 48.
LaTeX Font Info:    ... okay on input line 48.
LaTeX Font Info:    Checking defaults for OT1/cmr/m/n on input line 48.
LaTeX Font Info:    ... okay on input line 48.
LaTeX Font Info:    Checking defaults for OMS/cmsy/m/n on input line 48.
LaTeX Font Info:    ... okay on input line 48.
LaTeX Font Info:    Checking defaults for OMX/cmex/m/n on input line 48.
LaTeX Font Info:    ... okay on input line 48.
LaTeX Font Info:    Checking defaults for U/cmr/m/n on input line 48.
LaTeX Font Info:    ... okay on input line 48.
LaTeX Font Info:    Checking defaults for PD1/pdf/m/n on input line 48.
LaTeX Font Info:    ... okay on input line 48.
LaTeX Font Info:    Try loading font information for OT1+ptm on input line 48.

("C:\MiKTeX 2.9\tex/latex/psnfss\ot1ptm.fd"
File: ot1ptm.fd 2001/06/04 font definitions for OT1/ptm.
)
ABD: EverySelectfont initializing macros
LaTeX Info: Redefining \selectfont on input line 48.

*geometry* driver: auto-detecting
*geometry* detected driver: pdftex
*geometry* verbose mode - [ preamble ] result:
* driver: pdftex
* paper: a4paper
* layout: <same size as paper>
* layoutoffset:(h,v)=(0.0pt,0.0pt)
* modes: 
* h-part:(L,W,R)=(72.26999pt, 452.9679pt, 72.26999pt)
* v-part:(T,H,B)=(72.26999pt, 700.50687pt, 72.26999pt)
* \paperwidth=597.50787pt
* \paperheight=845.04684pt
* \textwidth=452.9679pt
* \textheight=700.50687pt
* \oddsidemargin=0.0pt
* \evensidemargin=0.0pt
* \topmargin=-37.0pt
* \headheight=12.0pt
* \headsep=25.0pt
* \topskip=12.0pt
* \footskip=30.0pt
* \marginparwidth=35.0pt
* \marginparsep=10.0pt
* \columnsep=10.0pt
* \skip\footins=10.8pt plus 4.0pt minus 2.0pt
* \hoffset=0.0pt
* \voffset=0.0pt
* \mag=1000
* \@twocolumnfalse
* \@twosidefalse
* \@mparswitchfalse
* \@reversemarginfalse
* (1in=72.27pt=25.4mm, 1cm=28.453pt)

Package caption Info: Begin \AtBeginDocument code.
Package caption Info: rotating package is loaded.
Package caption Info: End \AtBeginDocument code.
\AtBeginShipoutBox=\box33
Package hyperref Info: Link coloring OFF on input line 48.
("C:\MiKTeX 2.9\tex/latex/hyperref\nameref.sty"
Package: nameref 2016/05/21 v2.44 Cross-referencing by name of section

("C:\MiKTeX 2.9\tex/generic/oberdiek\gettitlestring.sty"
Package: gettitlestring 2016/05/16 v1.5 Cleanup title references (HO)
)
\c@section@level=\count123
)
LaTeX Info: Redefining \ref on input line 48.
LaTeX Info: Redefining \pageref on input line 48.
LaTeX Info: Redefining \nameref on input line 48.

(football_domesticabuse.out) (football_domesticabuse.out)
\@outlinefile=\write4
\openout4 = `football_domesticabuse.out'.

\c@maskedRefs=\count124

("C:\MiKTeX 2.9\tex/latex/apacite\english.apc"
File: english.apc 2013/07/21 v6.03 apacite language file
LaTeX Info: Redefining \BPBI on input line 129.
LaTeX Info: Redefining \BHBI on input line 130.
)
("C:\MiKTeX 2.9\tex/context/base/mkii\supp-pdf.mkii"
[Loading MPS to PDF converter (version 2006.09.02).]
\scratchcounter=\count125
\scratchdimen=\dimen147
\scratchbox=\box34
\nofMPsegments=\count126
\nofMParguments=\count127
\everyMPshowfont=\toks23
\MPscratchCnt=\count128
\MPscratchDim=\dimen148
\MPnumerator=\count129
\makeMPintoPDFobject=\count130
\everyMPtoPDFconversion=\toks24
) ("C:\MiKTeX 2.9\tex/latex/oberdiek\epstopdf-base.sty"
Package: epstopdf-base 2016/05/15 v2.6 Base part for package epstopdf

("C:\MiKTeX 2.9\tex/latex/oberdiek\grfext.sty"
Package: grfext 2016/05/16 v1.2 Manage graphics extensions (HO)
)
Package epstopdf-base Info: Redefining graphics rule for `.eps' on input line 4
38.
Package grfext Info: Graphics extension search list:
(grfext)             [.pdf,.png,.jpg,.mps,.jpeg,.jbig2,.jb2,.PDF,.PNG,.JPG,.JPE
G,.JBIG2,.JB2,.eps]
(grfext)             \AppendGraphicsExtensions on input line 456.
)
LaTeX Font Info:    External font `cmex10' loaded for size
(Font)              <14.4> on input line 72.
LaTeX Font Info:    External font `cmex10' loaded for size
(Font)              <7> on input line 72.
 [1

{C:/Users/u1562268/AppData/Local/MiKTeX/2.9/pdftex/config/pdftex.map}]
LaTeX Font Info:    Font shape `OT1/ptm/bx/n' in size <10.95> not available
(Font)              Font shape `OT1/ptm/b/n' tried instead on input line 81.
LaTeX Font Info:    External font `cmex10' loaded for size
(Font)              <10.95> on input line 87.
LaTeX Font Info:    External font `cmex10' loaded for size
(Font)              <8> on input line 87.
LaTeX Font Info:    External font `cmex10' loaded for size
(Font)              <6> on input line 87.
 [2

]
LaTeX Font Info:    Font shape `OT1/ptm/bx/n' in size <12> not available
(Font)              Font shape `OT1/ptm/b/n' tried instead on input line 98.
LaTeX Font Info:    Font shape `OT1/ptm/bx/n' in size <17.28> not available
(Font)              Font shape `OT1/ptm/b/n' tried instead on input line 98.

Overfull \hbox (2.22379pt too wide) in paragraph at lines 102--103
\OT1/ptm/m/n/12 the link be-tween sport-ing events and do-mes-tic abuse has bee
n the fo-cus of a num-ber of smaller 
 []

pdfTeX warning (ext4): destination with the same identifier (name{page.1}) has 
been already used, duplicate ignored
<to be read again> 
                   \relax 
l.110 
       [1]
Overfull \hbox (5.67944pt too wide) in paragraph at lines 118--119
\OT1/ptm/m/n/12 foot-ball tour-na-ment, and whether the ef-fect de-pends on the
 re-sult of the match. Our rich dataset 
 []

pdfTeX warning (ext4): destination with the same identifier (name{page.2}) has 
been already used, duplicate ignored
<to be read again> 
                   \relax 
l.119 
       [2] [3]
LaTeX Font Info:    Font shape `OT1/ptm/bx/n' in size <14.4> not available
(Font)              Font shape `OT1/ptm/b/n' tried instead on input line 127.
LaTeX Font Info:    External font `cmex10' loaded for size
(Font)              <12> on input line 129.
 [4]
LaTeX Font Info:    Font shape `OT1/ptm/bx/it' in size <12> not available
(Font)              Font shape `OT1/ptm/b/it' tried instead on input line 142.
 [5]
Underfull \hbox (badness 10000) in paragraph at lines 192--192
[]\OT1/ptm/m/it/12 Estimates are ex-po-nen-ti-ated co-ef-fi-cients from a se-ri
es of neg-a-tive bi-no-mial re-gres-
 []


Underfull \hbox (badness 10000) in paragraph at lines 192--192
\OT1/ptm/m/it/12 sions (based on tests of overdis-per-sion) with year, month, d
ay of week, Christ-mas,
 []


Underfull \hbox (badness 10000) in paragraph at lines 192--192
\OT1/ptm/m/it/12 New Year's eve con-trols; Model 4 fur-ther in-cludes in-ter-ac
-tions be-tween al-co-hol and
 []

<Threehours.pdf, id=120, 722.7pt x 722.7pt>
File: Threehours.pdf Graphic file (type pdf)
<use Threehours.pdf>
Package pdftex.def Info: Threehours.pdf  used on input line 203.
(pdftex.def)             Requested size: 339.72592pt x 339.72418pt.
[6] [7]
Underfull \hbox (badness 10000) in paragraph at lines 270--270
[]\OT1/ptm/m/it/12 Estimates are ex-po-nen-ti-ated co-ef-fi-cients from a se-ri
es of neg-a-tive bi-no-mial or pois-son re-gres-sions (based on tests of overdi
s-per-sion). The first three re-gres-sions have day of week
 []


Overfull \hbox (11.65544pt too wide) in paragraph at lines 270--271
 [][] 
 []

[8 <./Threehours.pdf>] [9] [10]
Underfull \hbox (badness 10000) in paragraph at lines 380--380
[]\OT1/ptm/m/it/12 Estimates are ex-po-nen-ti-ated co-ef-fi-cients from a se-ri
es of
 []


Underfull \hbox (badness 10000) in paragraph at lines 380--380
\OT1/ptm/m/it/12 neg-a-tive bi-no-mial re-gres-sions (based on tests of overdis
-per-
 []


Underfull \hbox (badness 10000) in paragraph at lines 380--380
\OT1/ptm/m/it/12 sion) with year and day of week con-trols; stan-dard er-rors i
n
 []


Underfull \hbox (badness 10000) in paragraph at lines 380--380
\OT1/ptm/m/it/12 paren-the-ses; data is only avail-able dur-ing the tour-na-men
t
 []


Underfull \hbox (badness 10000) in paragraph at lines 440--440
[]\OT1/ptm/m/it/12 Estimates are ex-po-nen-ti-ated co-ef-fi-cients from a se-ri
es of neg-a-tive bi-no-mial or pois-son re-gres-sions (based on tests of overdi
s-per-sion).
 []


Underfull \hbox (badness 10000) in paragraph at lines 440--440
\OT1/ptm/m/it/12 The first three re-gres-sions have day of week con-trol, the r
est of the re-gres-sions have month, day of week, Christ-mas, New Year's eve
 []

[11]
Underfull \hbox (badness 10000) in paragraph at lines 504--504
[]\OT1/ptm/m/it/12 Estimates are ex-po-nen-ti-ated co-ef-fi-cients from a se-ri
es of neg-a-tive bi-no-mial re-gres-sions
 []


Underfull \hbox (badness 10000) in paragraph at lines 504--504
\OT1/ptm/m/it/12 (based on tests of overdis-per-sion) with year, month, day of 
week, Christ-mas, New Year's
 []


Overfull \hbox (9.20676pt too wide) in paragraph at lines 570--571
[]\OT1/ptm/m/n/12 Next, we turn to re-peated cases of do-mes-tic abuse (mul-ti-
ple cases with the same victim-offender 
 []

[12] [13] [14] [15] [16]
Overfull \hbox (1.09567pt too wide) in paragraph at lines 590--591
[]\OT1/ptm/m/n/12 Based on the pre-match bet-ting odds, all of the Eng-land vic
-to-ries were ex-pected in our dataset. 
 []

[17] [18] [19] (football_domesticabuse.bbl
LaTeX Font Info:    Try loading font information for OT1+pcr on input line 25.

("C:\MiKTeX 2.9\tex/latex/psnfss\ot1pcr.fd"
File: ot1pcr.fd 2001/06/04 font definitions for OT1/pcr.
) [20] [21]) [22]
Underfull \hbox (badness 10000) in paragraph at lines 707--707
[]\OT1/ptm/m/it/12 Estimates are ex-po-nen-ti-ated co-ef-fi-cients from a se-ri
es of neg-a-tive bi-no-
 []


Underfull \hbox (badness 10000) in paragraph at lines 707--707
\OT1/ptm/m/it/12 mial re-gres-sions (based on tests of overdis-per-sion) with y
ear, month, day of
 []


Underfull \hbox (badness 10000) in paragraph at lines 707--707
\OT1/ptm/m/it/12 week, Christ-mas, New Year's eve con-trols in-ter-acted with a
l-co-hol; stan-dard
 []

[23

]
Underfull \hbox (badness 10000) in paragraph at lines 874--874
[]\OT1/ptm/m/it/12 Estimates are log odds from a se-ries of lo-gis-tic re-gres-
sions
 []


Underfull \hbox (badness 10000) in paragraph at lines 874--874
\OT1/ptm/m/it/12 with year, month, day of week, Christ-mas, New Year's eve
 []


Underfull \hbox (badness 10000) in paragraph at lines 874--874
\OT1/ptm/m/it/12 con-trols in-ter-acted by al-co-hol, where ev-ery ob-ser-va-ti
on is a re-
 []


Underfull \hbox (badness 10000) in paragraph at lines 874--874
\OT1/ptm/m/it/12 ported do-mes-tic abuse case; cases that hap-pened in 2010 wer
e
 []


Underfull \hbox (badness 10000) in paragraph at lines 874--874
\OT1/ptm/m/it/12 ex-cluded from the first re-gres-sion; stan-dard er-rors clus-
tered by
 []

[24]
Underfull \hbox (badness 10000) in paragraph at lines 925--925
[]\OT1/ptm/m/it/12 Estimates are ex-po-nen-ti-ated co-ef-fi-cients from a se-ri
es of neg-a-tive
 []


Underfull \hbox (badness 10000) in paragraph at lines 925--925
\OT1/ptm/m/it/12 bi-no-mial re-gres-sions (based on tests of overdis-per-sion) 
with year,
 []


Underfull \hbox (badness 10000) in paragraph at lines 925--925
\OT1/ptm/m/it/12 month, day of week, Christ-mas, New Year's eve con-trols in-te
r-acted
 []


Underfull \hbox (badness 10000) in paragraph at lines 925--925
\OT1/ptm/m/it/12 by al-co-hol, where ev-ery ob-ser-va-tion is a re-ported do-me
s-tic abuse
 []


Underfull \hbox (badness 10000) in paragraph at lines 925--925
\OT1/ptm/m/it/12 case; for each re-gres-sion, we ex-cluded the up-per 2.5% of t
he out-
 []


Underfull \hbox (badness 10000) in paragraph at lines 925--925
\OT1/ptm/m/it/12 come vari-able; stan-dard er-rors clus-tered by victim-offende
r pairs
 []

[25]
Underfull \hbox (badness 10000) in paragraph at lines 980--980
[]\OT1/ptm/m/it/12 Estimates are log odds from a lo-gis-tic re-gres-sion with y
ear,
 []


Underfull \hbox (badness 10000) in paragraph at lines 980--980
\OT1/ptm/m/it/12 month, day of week, Christ-mas, New Year's eve con-trols in-te
r-
 []


Underfull \hbox (badness 10000) in paragraph at lines 980--980
\OT1/ptm/m/it/12 acted by al-co-hol in-volve-ment of the pre-vi-ous case, where
 ev-ery
 []


Underfull \hbox (badness 10000) in paragraph at lines 980--980
\OT1/ptm/m/it/12 ob-ser-va-tion is a re-ported do-mes-tic abuse case; stan-dard
 er-rors
 []

Package atveryend Info: Empty hook `BeforeClearDocument' on input line 985.
[26]
Package atveryend Info: Empty hook `AfterLastShipout' on input line 985.
 (football_domesticabuse.aux)
Package atveryend Info: Executing hook `AtVeryEndDocument' on input line 985.
Package atveryend Info: Executing hook `AtEndAfterFileList' on input line 985.
Package rerunfilecheck Info: File `football_domesticabuse.out' has not changed.

(rerunfilecheck)             Checksum: C6D10D571B0431403B2D4DCC0213E866;53.
Package atveryend Info: Empty hook `AtVeryVeryEnd' on input line 985.
 ) 
Here is how much of TeX's memory you used:
 8621 strings out of 492945
 128443 string characters out of 3141678
 259481 words of memory out of 3000000
 12328 multiletter control sequences out of 15000+200000
 27469 words of font info for 55 fonts, out of 3000000 for 9000
 1141 hyphenation exceptions out of 8191
 37i,13n,38p,2326b,450s stack positions out of 5000i,500n,10000p,200000b,50000s
{C:/MiKTeX 2.9/fonts/enc/dvips/base/8r.enc}<C:/MiKTeX 2.9/fonts/type1/public/
amsfonts/cm/cmmi10.pfb><C:/MiKTeX 2.9/fonts/type1/public/amsfonts/cm/cmmi12.pfb
><C:/MiKTeX 2.9/fonts/type1/public/amsfonts/cm/cmr10.pfb><C:/MiKTeX 2.9/fonts/t
ype1/public/amsfonts/cm/cmr12.pfb><C:/MiKTeX 2.9/fonts/type1/public/amsfonts/cm
/cmsy10.pfb><C:/MiKTeX 2.9/fonts/type1/public/amsfonts/cm/cmsy8.pfb><C:/MiKTeX 
2.9/fonts/type1/urw/courier/ucrr8a.pfb><C:/MiKTeX 2.9/fonts/type1/urw/times/utm
b8a.pfb><C:/MiKTeX 2.9/fonts/type1/urw/times/utmbi8a.pfb><C:/MiKTeX 2.9/fonts/t
ype1/urw/times/utmr8a.pfb><C:/MiKTeX 2.9/fonts/type1/urw/times/utmri8a.pfb>
Output written on football_domesticabuse.pdf (28 pages, 213072 bytes).
PDF statistics:
 339 PDF objects out of 1000 (max. 8388607)
 68 named destinations out of 1000 (max. 500000)
 14 words of extra memory for PDF output out of 10000 (max. 10000000)

