This is pdfTeX, Version 3.14159265-2.6-1.40.20 (MiKTeX 2.9.7140 64-bit) (preloaded format=pdflatex 2019.8.8)  17 SEP 2019 15:10
entering extended mode
**./football_domesticabuse.tex
(football_domesticabuse.tex
LaTeX2e <2018-12-01>
("C:\MiKTeX 2.9\tex/latex/base\article.cls"
Document Class: article 2018/09/03 v1.4i Standard LaTeX document class
("C:\MiKTeX 2.9\tex/latex/base\size12.clo"
File: size12.clo 2018/09/03 v1.4i Standard LaTeX file (size option)
)
\c@part=\count80
\c@section=\count81
\c@subsection=\count82
\c@subsubsection=\count83
\c@paragraph=\count84
\c@subparagraph=\count85
\c@figure=\count86
\c@table=\count87
\abovecaptionskip=\skip41
\belowcaptionskip=\skip42
\bibindent=\dimen102
)
("C:\MiKTeX 2.9\tex/latex/ragged2e\ragged2e.sty"
Package: ragged2e 2019/07/28 v2.2 ragged2e Package (MS)

("C:\MiKTeX 2.9\tex/latex/ms\everysel.sty"
Package: everysel 2011/10/28 v1.2 EverySelectfont Package (MS)
)
\CenteringLeftskip=\skip43
\RaggedLeftLeftskip=\skip44
\RaggedRightLeftskip=\skip45
\CenteringRightskip=\skip46
\RaggedLeftRightskip=\skip47
\RaggedRightRightskip=\skip48
\CenteringParfillskip=\skip49
\RaggedLeftParfillskip=\skip50
\RaggedRightParfillskip=\skip51
\JustifyingParfillskip=\skip52
\CenteringParindent=\skip53
\RaggedLeftParindent=\skip54
\RaggedRightParindent=\skip55
\JustifyingParindent=\skip56
)
("C:\MiKTeX 2.9\tex/latex/geometry\geometry.sty"
Package: geometry 2018/04/16 v5.8 Page Geometry

("C:\MiKTeX 2.9\tex/latex/graphics\keyval.sty"
Package: keyval 2014/10/28 v1.15 key=value parser (DPC)
\KV@toks@=\toks14
)
("C:\MiKTeX 2.9\tex/generic/oberdiek\ifpdf.sty"
Package: ifpdf 2018/09/07 v3.3 Provides the ifpdf switch
)
("C:\MiKTeX 2.9\tex/generic/oberdiek\ifvtex.sty"
Package: ifvtex 2016/05/16 v1.6 Detect VTeX and its facilities (HO)
Package ifvtex Info: VTeX not detected.
)
("C:\MiKTeX 2.9\tex/generic/ifxetex\ifxetex.sty"
Package: ifxetex 2010/09/12 v0.6 Provides ifxetex conditional
)
\Gm@cnth=\count88
\Gm@cntv=\count89
\c@Gm@tempcnt=\count90
\Gm@bindingoffset=\dimen103
\Gm@wd@mp=\dimen104
\Gm@odd@mp=\dimen105
\Gm@even@mp=\dimen106
\Gm@layoutwidth=\dimen107
\Gm@layoutheight=\dimen108
\Gm@layouthoffset=\dimen109
\Gm@layoutvoffset=\dimen110
\Gm@dimlist=\toks15

("C:\MiKTeX 2.9\tex/latex/geometry\geometry.cfg"))
("C:\MiKTeX 2.9\tex/latex/base\inputenc.sty"
Package: inputenc 2018/08/11 v1.3c Input encoding file
\inpenc@prehook=\toks16
\inpenc@posthook=\toks17
)
("C:\MiKTeX 2.9\tex/latex/floatrow\floatrow.sty"
Package: floatrow 2008/08/02 v0.3b floatrow: float package extension

("C:\MiKTeX 2.9\tex/latex/caption\caption3.sty"
Package: caption3 2018/09/12 v1.8c caption3 kernel (AR)
Package caption3 Info: TeX engine: e-TeX on input line 64.
\captionmargin=\dimen111
\captionmargin@=\dimen112
\captionwidth=\dimen113
\caption@tempdima=\dimen114
\caption@indent=\dimen115
\caption@parindent=\dimen116
\caption@hangindent=\dimen117
)
\c@float@type=\count91
\float@exts=\toks18
\float@box=\box27
\@floatcapt=\box28
Package floatrow Info: Modified float package code loaded on input line 455.
Package floatrow Info: Modified rotfloat package code loaded on input line 473.

\FR@everyfloat=\toks19
\flrow@foot=\insert199
\FB@wd=\dimen118
\FBo@wd=\dimen119
\FBc@wd=\dimen120
\FBo@ht=\skip57
\FBc@ht=\skip58
\FBf@ht=\skip59
\FBo@max=\skip60
\FBc@max=\skip61
\FBf@max=\skip62
\c@FBl@b=\count92
\floatbox@depth=\count93
\c@FRobj=\count94
\c@FRsobj=\count95
\Xhsize=\skip63
\sXhsize=\skip64
\Zhsize=\skip65
\sZhsize=\skip66
\flrow@rowbox=\box29
\FR@Zunitlength=\dimen121
\c@FBcnt=\count96
\FPOScnt=\count97
\LTleft=\skip67
\LTright=\skip68
\LTleft=\skip69
\LTright=\skip70
\flrow@types=\toks20
)
("C:\MiKTeX 2.9\tex/latex/psnfss\times.sty"
Package: times 2005/04/12 PSNFSS-v9.2a (SPQR) 
)
("C:\MiKTeX 2.9\tex/latex/threeparttable\threeparttable.sty"
Package: threeparttable 2003/06/13  v 3.0
\@tempboxb=\box30
)
("C:\MiKTeX 2.9\tex/latex/hyperref\hyperref.sty"
Package: hyperref 2019/06/12 v6.88h Hypertext links for LaTeX

("C:\MiKTeX 2.9\tex/generic/oberdiek\hobsub-hyperref.sty"
Package: hobsub-hyperref 2016/05/16 v1.14 Bundle oberdiek, subset hyperref (HO)


("C:\MiKTeX 2.9\tex/generic/oberdiek\hobsub-generic.sty"
Package: hobsub-generic 2016/05/16 v1.14 Bundle oberdiek, subset generic (HO)
Package: hobsub 2016/05/16 v1.14 Construct package bundles (HO)
Package: infwarerr 2016/05/16 v1.4 Providing info/warning/error messages (HO)
Package: ltxcmds 2016/05/16 v1.23 LaTeX kernel commands for general use (HO)
Package: ifluatex 2016/05/16 v1.4 Provides the ifluatex switch (HO)
Package ifluatex Info: LuaTeX not detected.
Package hobsub Info: Skipping package `ifvtex' (already loaded).
Package: intcalc 2016/05/16 v1.2 Expandable calculations with integers (HO)
Package hobsub Info: Skipping package `ifpdf' (already loaded).
Package: etexcmds 2016/05/16 v1.6 Avoid name clashes with e-TeX commands (HO)
Package: kvsetkeys 2016/05/16 v1.17 Key value parser (HO)
Package: kvdefinekeys 2016/05/16 v1.4 Define keys (HO)
Package: pdftexcmds 2019/07/25 v0.30 Utility functions of pdfTeX for LuaTeX (HO
)
Package pdftexcmds Info: LuaTeX not detected.
Package pdftexcmds Info: \pdf@primitive is available.
Package pdftexcmds Info: \pdf@ifprimitive is available.
Package pdftexcmds Info: \pdfdraftmode found.
Package: pdfescape 2016/05/16 v1.14 Implements pdfTeX's escape features (HO)
Package: bigintcalc 2016/05/16 v1.4 Expandable calculations on big integers (HO
)
Package: bitset 2016/05/16 v1.2 Handle bit-vector datatype (HO)
Package: uniquecounter 2016/05/16 v1.3 Provide unlimited unique counter (HO)
)
Package hobsub Info: Skipping package `hobsub' (already loaded).
Package: letltxmacro 2016/05/16 v1.5 Let assignment for LaTeX macros (HO)
Package: hopatch 2016/05/16 v1.3 Wrapper for package hooks (HO)
Package: xcolor-patch 2016/05/16 xcolor patch
Package: atveryend 2016/05/16 v1.9 Hooks at the very end of document (HO)
Package atveryend Info: \enddocument detected (standard20110627).
Package: atbegshi 2016/06/09 v1.18 At begin shipout hook (HO)
Package: refcount 2016/05/16 v3.5 Data extraction from label references (HO)
Package: hycolor 2016/05/16 v1.8 Color options for hyperref/bookmark (HO)
)
("C:\MiKTeX 2.9\tex/latex/oberdiek\auxhook.sty"
Package: auxhook 2016/05/16 v1.4 Hooks for auxiliary files (HO)
)
("C:\MiKTeX 2.9\tex/latex/oberdiek\kvoptions.sty"
Package: kvoptions 2016/05/16 v3.12 Key value format for package options (HO)
)
\@linkdim=\dimen122
\Hy@linkcounter=\count98
\Hy@pagecounter=\count99

("C:\MiKTeX 2.9\tex/latex/hyperref\pd1enc.def"
File: pd1enc.def 2019/06/12 v6.88h Hyperref: PDFDocEncoding definition (HO)
Now handling font encoding PD1 ...
... no UTF-8 mapping file for font encoding PD1
)
\Hy@SavedSpaceFactor=\count100

("C:\MiKTeX 2.9\tex/latex/00miktex\hyperref.cfg"
File: hyperref.cfg 2002/06/06 v1.2 hyperref configuration of TeXLive
)
Package hyperref Info: Hyper figures OFF on input line 4550.
Package hyperref Info: Link nesting OFF on input line 4555.
Package hyperref Info: Hyper index ON on input line 4558.
Package hyperref Info: Plain pages OFF on input line 4565.
Package hyperref Info: Backreferencing OFF on input line 4570.
Package hyperref Info: Implicit mode ON; LaTeX internals redefined.
Package hyperref Info: Bookmarks ON on input line 4803.
\c@Hy@tempcnt=\count101

("C:\MiKTeX 2.9\tex/latex/url\url.sty"
\Urlmuskip=\muskip10
Package: url 2013/09/16  ver 3.4  Verb mode for urls, etc.
)
LaTeX Info: Redefining \url on input line 5156.
\XeTeXLinkMargin=\dimen123
\Fld@menulength=\count102
\Field@Width=\dimen124
\Fld@charsize=\dimen125
Package hyperref Info: Hyper figures OFF on input line 6411.
Package hyperref Info: Link nesting OFF on input line 6416.
Package hyperref Info: Hyper index ON on input line 6419.
Package hyperref Info: backreferencing OFF on input line 6426.
Package hyperref Info: Link coloring OFF on input line 6431.
Package hyperref Info: Link coloring with OCG OFF on input line 6436.
Package hyperref Info: PDF/A mode OFF on input line 6441.
LaTeX Info: Redefining \ref on input line 6481.
LaTeX Info: Redefining \pageref on input line 6485.
\Hy@abspage=\count103
\c@Item=\count104
\c@Hfootnote=\count105
)
Package hyperref Info: Driver (autodetected): hpdftex.

("C:\MiKTeX 2.9\tex/latex/hyperref\hpdftex.def"
File: hpdftex.def 2019/06/12 v6.88h Hyperref driver for pdfTeX
\Fld@listcount=\count106
\c@bookmark@seq@number=\count107

("C:\MiKTeX 2.9\tex/latex/oberdiek\rerunfilecheck.sty"
Package: rerunfilecheck 2016/05/16 v1.8 Rerun checks for auxiliary files (HO)
Package uniquecounter Info: New unique counter `rerunfilecheck' on input line 2
82.
)
\Hy@SectionHShift=\skip71
)
("C:\MiKTeX 2.9\tex/latex/preprint\authblk.sty"
Package: authblk 2001/02/27 1.3 (PWD)
\affilsep=\skip72
\@affilsep=\skip73
\c@Maxaffil=\count108
\c@authors=\count109
\c@affil=\count110
)
("C:\MiKTeX 2.9\tex/latex/setspace\setspace.sty"
Package: setspace 2011/12/19 v6.7a set line spacing
)
("C:\MiKTeX 2.9\tex/latex/caption\caption.sty"
Package: caption 2018/10/06 v3.3-154 Customizing captions (AR)
\c@caption@flags=\count111
\c@ContinuedFloat=\count112
Package caption Info: float package is loaded.
Package caption Info: floatrow package is loaded.
Package caption Info: hyperref package is loaded.
Package caption Info: threeparttable package is loaded.
)
("C:\MiKTeX 2.9\tex/latex/graphics\graphicx.sty"
Package: graphicx 2017/06/01 v1.1a Enhanced LaTeX Graphics (DPC,SPQR)

("C:\MiKTeX 2.9\tex/latex/graphics\graphics.sty"
Package: graphics 2017/06/25 v1.2c Standard LaTeX Graphics (DPC,SPQR)

("C:\MiKTeX 2.9\tex/latex/graphics\trig.sty"
Package: trig 2016/01/03 v1.10 sin cos tan (DPC)
)
("C:\MiKTeX 2.9\tex/latex/graphics-cfg\graphics.cfg"
File: graphics.cfg 2016/06/04 v1.11 sample graphics configuration
)
Package graphics Info: Driver file: pdftex.def on input line 99.

("C:\MiKTeX 2.9\tex/latex/graphics-def\pdftex.def"
File: pdftex.def 2018/01/08 v1.0l Graphics/color driver for pdftex
))
\Gin@req@height=\dimen126
\Gin@req@width=\dimen127
)
("C:\MiKTeX 2.9\tex/latex/titlesec\titlesec.sty"
Package: titlesec 2019/07/16 v2.11 Sectioning titles
\ttl@box=\box31
\beforetitleunit=\skip74
\aftertitleunit=\skip75
\ttl@plus=\dimen128
\ttl@minus=\dimen129
\ttl@toksa=\toks21
\titlewidth=\dimen130
\titlewidthlast=\dimen131
\titlewidthfirst=\dimen132
)
("C:\MiKTeX 2.9\tex/latex/graphics\color.sty"
Package: color 2016/07/10 v1.1e Standard LaTeX Color (DPC)

("C:\MiKTeX 2.9\tex/latex/graphics-cfg\color.cfg"
File: color.cfg 2016/01/02 v1.6 sample color configuration
)
Package color Info: Driver file: pdftex.def on input line 147.
)
("C:\MiKTeX 2.9\tex/latex/endnotes\endnotes.sty"
\c@endnote=\count113
\endnotesep=\dimen133
\@enotes=\write3
)
("C:\MiKTeX 2.9\tex/latex/textcase\textcase.sty"
Package: textcase 2004/10/07 v0.07 Text only upper/lower case changing (DPC)
)
("C:\MiKTeX 2.9\tex/latex/booktabs\booktabs.sty"
Package: booktabs 2005/04/14 v1.61803 publication quality tables
\heavyrulewidth=\dimen134
\lightrulewidth=\dimen135
\cmidrulewidth=\dimen136
\belowrulesep=\dimen137
\belowbottomsep=\dimen138
\aboverulesep=\dimen139
\abovetopsep=\dimen140
\cmidrulesep=\dimen141
\cmidrulekern=\dimen142
\defaultaddspace=\dimen143
\@cmidla=\count114
\@cmidlb=\count115
\@aboverulesep=\dimen144
\@belowrulesep=\dimen145
\@thisruleclass=\count116
\@lastruleclass=\count117
\@thisrulewidth=\dimen146
)
("C:\MiKTeX 2.9\tex/latex/titling\titling.sty"
Package: titling 2009/09/04 v2.1d maketitle typesetting
\thanksmarkwidth=\skip76
\thanksmargin=\skip77
\droptitle=\skip78
)
("C:\MiKTeX 2.9\tex/latex/graphics\rotating.sty"
Package: rotating 2016/08/11 v2.16d rotated objects in LaTeX

("C:\MiKTeX 2.9\tex/latex/base\ifthen.sty"
Package: ifthen 2014/09/29 v1.1c Standard LaTeX ifthen package (DPC)
)
\c@r@tfl@t=\count118
\rotFPtop=\skip79
\rotFPbot=\skip80
\rot@float@box=\box32
\rot@mess@toks=\toks22
)
("C:\MiKTeX 2.9\tex/latex/appendix\appendix.sty"
Package: appendix 2009/09/02 v1.2b extra appendix facilities
\c@@pps=\count119
\c@@ppsavesec=\count120
\c@@ppsaveapp=\count121
) (football_domesticabuse.aux)
\openout1 = `football_domesticabuse.aux'.

LaTeX Font Info:    Checking defaults for OML/cmm/m/it on input line 50.
LaTeX Font Info:    ... okay on input line 50.
LaTeX Font Info:    Checking defaults for T1/cmr/m/n on input line 50.
LaTeX Font Info:    ... okay on input line 50.
LaTeX Font Info:    Checking defaults for OT1/cmr/m/n on input line 50.
LaTeX Font Info:    ... okay on input line 50.
LaTeX Font Info:    Checking defaults for OMS/cmsy/m/n on input line 50.
LaTeX Font Info:    ... okay on input line 50.
LaTeX Font Info:    Checking defaults for OMX/cmex/m/n on input line 50.
LaTeX Font Info:    ... okay on input line 50.
LaTeX Font Info:    Checking defaults for U/cmr/m/n on input line 50.
LaTeX Font Info:    ... okay on input line 50.
LaTeX Font Info:    Checking defaults for PD1/pdf/m/n on input line 50.
LaTeX Font Info:    ... okay on input line 50.
LaTeX Font Info:    Try loading font information for OT1+ptm on input line 50.

("C:\MiKTeX 2.9\tex/latex/psnfss\ot1ptm.fd"
File: ot1ptm.fd 2001/06/04 font definitions for OT1/ptm.
)
ABD: EverySelectfont initializing macros
LaTeX Info: Redefining \selectfont on input line 50.

*geometry* driver: auto-detecting
*geometry* detected driver: pdftex
*geometry* verbose mode - [ preamble ] result:
* driver: pdftex
* paper: a4paper
* layout: <same size as paper>
* layoutoffset:(h,v)=(0.0pt,0.0pt)
* modes: 
* h-part:(L,W,R)=(72.26999pt, 452.9679pt, 72.26999pt)
* v-part:(T,H,B)=(72.26999pt, 700.50687pt, 72.26999pt)
* \paperwidth=597.50787pt
* \paperheight=845.04684pt
* \textwidth=452.9679pt
* \textheight=700.50687pt
* \oddsidemargin=0.0pt
* \evensidemargin=0.0pt
* \topmargin=-37.0pt
* \headheight=12.0pt
* \headsep=25.0pt
* \topskip=12.0pt
* \footskip=30.0pt
* \marginparwidth=35.0pt
* \marginparsep=10.0pt
* \columnsep=10.0pt
* \skip\footins=10.8pt plus 4.0pt minus 2.0pt
* \hoffset=0.0pt
* \voffset=0.0pt
* \mag=1000
* \@twocolumnfalse
* \@twosidefalse
* \@mparswitchfalse
* \@reversemarginfalse
* (1in=72.27pt=25.4mm, 1cm=28.453pt)

Package caption Info: Begin \AtBeginDocument code.
Package caption Info: rotating package is loaded.
Package caption Info: End \AtBeginDocument code.
\AtBeginShipoutBox=\box33
Package hyperref Info: Link coloring OFF on input line 50.
("C:\MiKTeX 2.9\tex/latex/hyperref\nameref.sty"
Package: nameref 2016/05/21 v2.44 Cross-referencing by name of section

("C:\MiKTeX 2.9\tex/generic/oberdiek\gettitlestring.sty"
Package: gettitlestring 2016/05/16 v1.5 Cleanup title references (HO)
)
\c@section@level=\count122
)
LaTeX Info: Redefining \ref on input line 50.
LaTeX Info: Redefining \pageref on input line 50.
LaTeX Info: Redefining \nameref on input line 50.

(football_domesticabuse.out) (football_domesticabuse.out)
\@outlinefile=\write4
\openout4 = `football_domesticabuse.out'.


("C:\MiKTeX 2.9\tex/context/base/mkii\supp-pdf.mkii"
[Loading MPS to PDF converter (version 2006.09.02).]
\scratchcounter=\count123
\scratchdimen=\dimen147
\scratchbox=\box34
\nofMPsegments=\count124
\nofMParguments=\count125
\everyMPshowfont=\toks23
\MPscratchCnt=\count126
\MPscratchDim=\dimen148
\MPnumerator=\count127
\makeMPintoPDFobject=\count128
\everyMPtoPDFconversion=\toks24
) ("C:\MiKTeX 2.9\tex/latex/oberdiek\epstopdf-base.sty"
Package: epstopdf-base 2016/05/15 v2.6 Base part for package epstopdf

("C:\MiKTeX 2.9\tex/latex/oberdiek\grfext.sty"
Package: grfext 2016/05/16 v1.2 Manage graphics extensions (HO)
)
Package epstopdf-base Info: Redefining graphics rule for `.eps' on input line 4
38.
Package grfext Info: Graphics extension search list:
(grfext)             [.pdf,.png,.jpg,.mps,.jpeg,.jbig2,.jb2,.PDF,.PNG,.JPG,.JPE
G,.JBIG2,.JB2,.eps]
(grfext)             \AppendGraphicsExtensions on input line 456.
)
LaTeX Font Info:    External font `cmex10' loaded for size
(Font)              <14.4> on input line 74.
LaTeX Font Info:    External font `cmex10' loaded for size
(Font)              <7> on input line 74.
 [1

{C:/Users/u1562268/AppData/Local/MiKTeX/2.9/pdftex/config/pdftex.map}]
LaTeX Font Info:    Font shape `OT1/ptm/bx/n' in size <10.95> not available
(Font)              Font shape `OT1/ptm/b/n' tried instead on input line 84.
 [2

]
LaTeX Font Info:    Font shape `OT1/ptm/bx/it' in size <12> not available
(Font)              Font shape `OT1/ptm/b/it' tried instead on input line 107.
LaTeX Font Info:    Font shape `OT1/ptm/bx/n' in size <12> not available
(Font)              Font shape `OT1/ptm/b/n' tried instead on input line 110.
 [3]
LaTeX Font Info:    Font shape `OT1/ptm/bx/n' in size <17.28> not available
(Font)              Font shape `OT1/ptm/b/n' tried instead on input line 125.

Overfull \hbox (6.2199pt too wide) in paragraph at lines 129--130
[]\OT1/ptm/m/n/12 The link be-tween sport-ing events and do-mes-tic abuse has b
een the fo-cus of a num-ber of smaller 
 []

pdfTeX warning (ext4): destination with the same identifier (name{page.1}) has 
been already used, duplicate ignored
<to be read again> 
                   \relax 
l.138 
       [1]
LaTeX Font Info:    Font shape `OT1/ptm/bx/n' in size <14.4> not available
(Font)              Font shape `OT1/ptm/b/n' tried instead on input line 149.
LaTeX Font Info:    External font `cmex10' loaded for size
(Font)              <12> on input line 151.
LaTeX Font Info:    External font `cmex10' loaded for size
(Font)              <8> on input line 151.
LaTeX Font Info:    External font `cmex10' loaded for size
(Font)              <6> on input line 151.
pdfTeX warning (ext4): destination with the same identifier (name{page.2}) has 
been already used, duplicate ignored
<to be read again> 
                   \relax 
l.152 
       [2]pdfTeX warning (ext4): destination with the same identifier (name{pag
e.3}) has been already used, duplicate ignored
<to be read again> 
                   \relax 
l.156 O
       ur dataset contains all cases of domestic abuse that have been report...
[3]
Overfull \hbox (5.32074pt too wide) in paragraph at lines 160--161
\OT1/ptm/m/n/12 tween 2010 and 2018, and our main out-come vari-able is the num
-ber of al-co-hol and non-alcohol 
 []

[4]
Underfull \hbox (badness 10000) in paragraph at lines 217--217
[]\OT1/ptm/m/it/12 Estimates are ex-po-nen-ti-ated co-ef-fi-cients from a se-ri
es of neg-a-tive bi-no-mial re-gres-
 []


Underfull \hbox (badness 10000) in paragraph at lines 217--217
\OT1/ptm/m/it/12 sions (based on tests of overdis-per-sion) with year, month, d
ay of week, Christ-mas,
 []


Underfull \hbox (badness 10000) in paragraph at lines 217--217
\OT1/ptm/m/it/12 New Year's eve con-trols; Model 4 fur-ther in-cludes in-ter-ac
-tions be-tween al-co-hol and
 []

[5]
<Threehours.pdf, id=90, 722.7pt x 722.7pt>
File: Threehours.pdf Graphic file (type pdf)
<use Threehours.pdf>
Package pdftex.def Info: Threehours.pdf  used on input line 228.
(pdftex.def)             Requested size: 339.72592pt x 339.72418pt.
 [6]
Underfull \hbox (badness 10000) in paragraph at lines 295--295
[]\OT1/ptm/m/it/12 Estimates are ex-po-nen-ti-ated co-ef-fi-cients from a se-ri
es of neg-a-tive bi-no-mial re-gres-sions (based on tests of overdis-per-sion) 
with month, day of week, Christ-mas, New Year's eve con-trols
 []


Underfull \hbox (badness 10000) in paragraph at lines 295--295
\OT1/ptm/m/it/12 in-ter-acted with al-co-hol; there was only one Eng-land rugby
 match that re-sulted in a draw be-tween 2010 and 2018, there-fore we ex-cluded
 it from the data; stan-dard er-rors in paren-the-
 []


Overfull \hbox (11.65544pt too wide) in paragraph at lines 295--296
 [][] 
 []

[7 <./Threehours.pdf>] [8] [9]
Underfull \hbox (badness 10000) in paragraph at lines 347--347
[]\OT1/ptm/m/it/12 Estimates are ex-po-nen-ti-ated co-ef-fi-cients from a se-ri
es of
 []


Underfull \hbox (badness 10000) in paragraph at lines 347--347
\OT1/ptm/m/it/12 neg-a-tive bi-no-mial re-gres-sions (based on tests of overdis
-per-
 []


Underfull \hbox (badness 10000) in paragraph at lines 347--347
\OT1/ptm/m/it/12 sion) with year and day of week con-trols; stan-dard er-rors i
n
 []


Underfull \hbox (badness 10000) in paragraph at lines 347--347
\OT1/ptm/m/it/12 paren-the-ses; data is only avail-able dur-ing the tour-na-men
t
 []


Underfull \hbox (badness 10000) in paragraph at lines 407--407
[]\OT1/ptm/m/it/12 Estimates are ex-po-nen-ti-ated co-ef-fi-cients from a se-ri
es of neg-a-tive bi-no-mial or pois-son re-gres-sions (based on tests of overdi
s-per-sion).
 []


Underfull \hbox (badness 10000) in paragraph at lines 407--407
\OT1/ptm/m/it/12 The first three re-gres-sions have day of week con-trol, the r
est of the re-gres-sions have month, day of week, Christ-mas, New Year's eve
 []

[10]
Underfull \hbox (badness 10000) in paragraph at lines 471--471
[]\OT1/ptm/m/it/12 Estimates are ex-po-nen-ti-ated co-ef-fi-cients from a se-ri
es of neg-a-tive bi-no-mial re-gres-sions
 []


Underfull \hbox (badness 10000) in paragraph at lines 471--471
\OT1/ptm/m/it/12 (based on tests of overdis-per-sion) with year, month, day of 
week, Christ-mas, New Year's
 []

[11] [12] [13] [14

]
Overfull \hbox (1.09567pt too wide) in paragraph at lines 506--507
[]\OT1/ptm/m/n/12 Based on the pre-match bet-ting odds, all of the Eng-land vic
-to-ries were ex-pected in our dataset. 
 []

[15] (football_domesticabuse.bbl
LaTeX Font Info:    Try loading font information for OT1+pcr on input line 7.
 ("C:\MiKTeX 2.9\tex/latex/psnfss\ot1pcr.fd"
File: ot1pcr.fd 2001/06/04 font definitions for OT1/pcr.
)
Underfull \hbox (badness 10000) in paragraph at lines 10--14
[]\OT1/ptm/m/n/12 Office for Na-tional Statis-tics.  Do-mes-tic abuse in Eng-la
nd 
 []


Underfull \hbox (badness 10000) in paragraph at lines 10--14
\OT1/ptm/m/n/12 and Wales: year end-ing March 2018; 2018.  Avail-able from: 
 []


Underfull \hbox (badness 10000) in paragraph at lines 10--14
[]$\OT1/pcr/m/n/12 https : / / www . gov . uk / government / statistics / 
 []

[16

]
Underfull \hbox (badness 2065) in paragraph at lines 97--101
[]\OT1/ptm/m/n/12 Home Of-fice.  Po-lice fund-ing for Eng-land and Wales 2015 t
o 2019; 2018. 
 []


Underfull \hbox (badness 1147) in paragraph at lines 97--101
\OT1/ptm/m/n/12 Avail-able from: []$\OT1/pcr/m/n/12 https : / / www . gov . uk 
/ government / statistics / 
 []


Underfull \hbox (badness 2573) in paragraph at lines 109--112
[]\OT1/ptm/m/n/12 Ipsos MORI.  Rugby Union 'Britain's Sec-ond Most Pop-u-lar Sp
ort' ; 2003. 
 []


Underfull \hbox (badness 2253) in paragraph at lines 109--112
\OT1/ptm/m/n/12 Avail-able from: []$\OT1/pcr/m/n/12 https : / / www . ipsos . c
om / ipsos-[]mori / en-[]uk / 
 []

[17]
Underfull \hbox (badness 4378) in paragraph at lines 114--118
[]\OT1/ptm/m/n/12 Davies G. Eng-land's un-ex-pected World Cup pro-gres-sion be-
hind record- 
 []


Underfull \hbox (badness 10000) in paragraph at lines 114--118
\OT1/ptm/m/n/12 high al-co-hol poi-son-ing cases, NHS says; 2018.  Avail-able f
rom: 
 []


Underfull \hbox (badness 10000) in paragraph at lines 114--118
[]$\OT1/pcr/m/n/12 https : / / www . telegraph . co . uk / news / 2018 / 12 / 3
0 / 
 []


Overfull \hbox (18.59877pt too wide) in paragraph at lines 114--118
\OT1/pcr/m/n/12 englands-[]unexpected-[]world-[]cup-[]progression-[]behind-[]re
cord-[]high/$[]\OT1/ptm/m/n/12 .  
 []

) [18]
Underfull \hbox (badness 10000) in paragraph at lines 602--602
[]\OT1/ptm/m/it/12 Estimates are ex-po-nen-ti-ated co-ef-fi-cients from a se-ri
es of neg-a-tive bi-no-
 []


Underfull \hbox (badness 10000) in paragraph at lines 602--602
\OT1/ptm/m/it/12 mial re-gres-sions (based on tests of overdis-per-sion) with y
ear, month, day of
 []


Underfull \hbox (badness 10000) in paragraph at lines 602--602
\OT1/ptm/m/it/12 week, Christ-mas, New Year's eve con-trols in-ter-acted with a
l-co-hol; stan-dard
 []

[19

]
Underfull \hbox (badness 10000) in paragraph at lines 769--769
[]\OT1/ptm/m/it/12 Estimates are log odds from a se-ries of lo-gis-tic
 []


Underfull \hbox (badness 10000) in paragraph at lines 769--769
\OT1/ptm/m/it/12 re-gres-sions with year, month, day of week, Christ-
 []


Underfull \hbox (badness 10000) in paragraph at lines 769--769
\OT1/ptm/m/it/12 mas, New Year's eve con-trols in-ter-acted by al-co-hol,
 []


Underfull \hbox (badness 10000) in paragraph at lines 769--769
\OT1/ptm/m/it/12 where ev-ery ob-ser-va-tion is a re-ported do-mes-tic abuse
 []


Underfull \hbox (badness 10000) in paragraph at lines 769--769
\OT1/ptm/m/it/12 case; cases that hap-pened in 2010 were ex-cluded
 []


Underfull \hbox (badness 10000) in paragraph at lines 769--769
\OT1/ptm/m/it/12 from the first re-gres-sion; stan-dard er-rors clus-tered by
 []

[20]
Package atveryend Info: Empty hook `BeforeClearDocument' on input line 880.
Package atveryend Info: Empty hook `AfterLastShipout' on input line 880.
 (football_domesticabuse.aux)
Package atveryend Info: Executing hook `AtVeryEndDocument' on input line 880.
Package atveryend Info: Executing hook `AtEndAfterFileList' on input line 880.
Package rerunfilecheck Info: File `football_domesticabuse.out' has not changed.

(rerunfilecheck)             Checksum: D41D8CD98F00B204E9800998ECF8427E;0.
Package atveryend Info: Empty hook `AtVeryVeryEnd' on input line 880.
 ) 
Here is how much of TeX's memory you used:
 8180 strings out of 492895
 122950 string characters out of 3139967
 250687 words of memory out of 3000000
 11925 multiletter control sequences out of 15000+200000
 27660 words of font info for 53 fonts, out of 3000000 for 9000
 1141 hyphenation exceptions out of 8191
 37i,13n,38p,2294b,450s stack positions out of 5000i,500n,10000p,200000b,50000s
{C:/MiKTeX 2.9/fonts/enc/dvips/base/8r.enc}<C:/MiKTeX 2.9/fonts/type1/public/
amsfonts/cm/cmmi10.pfb><C:/MiKTeX 2.9/fonts/type1/public/amsfonts/cm/cmmi12.pfb
><C:/MiKTeX 2.9/fonts/type1/public/amsfonts/cm/cmr12.pfb><C:/MiKTeX 2.9/fonts/t
ype1/public/amsfonts/cm/cmsy10.pfb><C:/MiKTeX 2.9/fonts/type1/public/amsfonts/c
m/cmsy8.pfb><C:/MiKTeX 2.9/fonts/type1/urw/courier/ucrr8a.pfb><C:/MiKTeX 2.9/fo
nts/type1/urw/times/utmb8a.pfb><C:/MiKTeX 2.9/fonts/type1/urw/times/utmbi8a.pfb
><C:/MiKTeX 2.9/fonts/type1/urw/times/utmr8a.pfb><C:/MiKTeX 2.9/fonts/type1/urw
/times/utmri8a.pfb>
Output written on football_domesticabuse.pdf (23 pages, 181715 bytes).
PDF statistics:
 261 PDF objects out of 1000 (max. 8388607)
 57 named destinations out of 1000 (max. 500000)
 6 words of extra memory for PDF output out of 10000 (max. 10000000)

